Build started 5/19/2014 9:41:52 PM.
     1>Project "C:\Users\Jay Jay\Downloads\ALLEGROOP v4.9\ALLEGROOP\ALLEGROOP.vcxproj" on node 2 (Build target(s)).
     1>ClCompile:
         C:\Program Files (x86)\Microsoft Visual Studio 12.0\VC\bin\CL.exe /c /ZI /nologo /W3 /WX- /sdl /Od /Oy- /D _CRT_SECURE_NO_WARNINGS /D _MBCS /Gm /EHsc /RTC1 /MDd /GS /fp:precise /Zc:wchar_t /Zc:forScope /Fo"Debug\\" /Fd"Debug\vc120.pdb" /Gd /TP /analyze- /errorReport:prompt Main.cpp
         Main.cpp
       Link:
         C:\Program Files (x86)\Microsoft Visual Studio 12.0\VC\bin\link.exe /ERRORREPORT:PROMPT /OUT:"C:\Users\Jay Jay\Downloads\ALLEGROOP v4.9\Debug\ALLEGROOP.exe" /INCREMENTAL /NOLOGO "allegro-5.0.10-monolith-md-debug.lib" kernel32.lib user32.lib gdi32.lib winspool.lib comdlg32.lib advapi32.lib shell32.lib ole32.lib oleaut32.lib uuid.lib odbc32.lib odbccp32.lib /MANIFEST /MANIFESTUAC:"level='asInvoker' uiAccess='false'" /manifest:embed /DEBUG /PDB:"C:\Users\Jay Jay\Downloads\ALLEGROOP v4.9\Debug\ALLEGROOP.pdb" /TLBID:1 /DYNAMICBASE /NXCOMPAT /IMPLIB:"C:\Users\Jay Jay\Downloads\ALLEGROOP v4.9\Debug\ALLEGROOP.lib" /MACHINE:X86 Debug\AnimationEffects.obj
         Debug\Background.obj
         Debug\Boss.obj
         Debug\enemy.obj
         Debug\Equipment.obj
         Debug\GameObject.obj
         Debug\Inventory.obj
         Debug\Magic.obj
         Debug\Main.obj
         Debug\player.obj
         Debug\Selection.obj
         ALLEGROOP.vcxproj -> C:\Users\Jay Jay\Downloads\ALLEGROOP v4.9\Debug\ALLEGROOP.exe
     1>Done Building Project "C:\Users\Jay Jay\Downloads\ALLEGROOP v4.9\ALLEGROOP\ALLEGROOP.vcxproj" (Build target(s)).

Build succeeded.

Time Elapsed 00:00:01.38
